Case 1:

2 6 4
1 3 7
  5 8

2 6 4
1 3 7
5   8

2 6 4
1   7
5 3 8

2 6 4
  1 7
5 3 8

2 6 4
5 1 7
  3 8

2 6 4
5 1 7
3   8

2 6 4
5 1 7
3 8  

2 6 4
5 1  
3 8 7

2 6  
5 1 4
3 8 7

2   6
5 1 4
3 8 7

2 1 6
5   4
3 8 7

2 1 6
  5 4
3 8 7

  1 6
2 5 4
3 8 7

1   6
2 5 4
3 8 7

1 5 6
2   4
3 8 7

1 5 6
  2 4
3 8 7

1 5 6
3 2 4
  8 7

1 5 6
3 2 4
8   7

1 5 6
3 2 4
8 7  

1 5 6
3 2  
8 7 4

1 5 6
3   2
8 7 4

1 5 6
  3 2
8 7 4

1 5 6
8 3 2
  7 4

1 5 6
8 3 2
7   4

1 5 6
8 3 2
7 4  

1 5 6
8 3  
7 4 2

1 5  
8 3 6
7 4 2

1   5
8 3 6
7 4 2

  1 5
8 3 6
7 4 2

8 1 5
  3 6
7 4 2

8 1 5
7 3 6
  4 2

8 1 5
7 3 6
4   2

Num of steps: 31
Num of expanded: 3410
Num of generated: 5288
Time consumed: 22

Total time consumed: 24
